  Source.c
C:\Users\FZ\Dropbox\Cpp\C\Project1_for_C\Source.c(13,5): error C2061: syntax error: identifier 'Point'
C:\Users\FZ\Dropbox\Cpp\C\Project1_for_C\Source.c(14,1): error C2059: syntax error: '}'
C:\Users\FZ\Dropbox\Cpp\C\Project1_for_C\Source.c(17,11): error C2065: 'Point': undeclared identifier
C:\Users\FZ\Dropbox\Cpp\C\Project1_for_C\Source.c(17,11): error C2146: syntax error: missing ';' before identifier 'p1'
C:\Users\FZ\Dropbox\Cpp\C\Project1_for_C\Source.c(17,13): error C2065: 'p1': undeclared identifier
C:\Users\FZ\Dropbox\Cpp\C\Project1_for_C\Source.c(18,7): error C2065: 'p1': undeclared identifier
C:\Users\FZ\Dropbox\Cpp\C\Project1_for_C\Source.c(18,8): error C2224: left of '.x' must have struct/union type
C:\Users\FZ\Dropbox\Cpp\C\Project1_for_C\Source.c(19,10): error C2065: 'Point': undeclared identifier
C:\Users\FZ\Dropbox\Cpp\C\Project1_for_C\Source.c(19,15): error C2065: 'pp': undeclared identifier
C:\Users\FZ\Dropbox\Cpp\C\Project1_for_C\Source.c(19,20): error C2065: 'p1': undeclared identifier
C:\Users\FZ\Dropbox\Cpp\C\Project1_for_C\Source.c(19,20): warning C4047: '=': 'int' differs in levels of indirection from 'int *'
C:\Users\FZ\Dropbox\Cpp\C\Project1_for_C\Source.c(19,20): error C2106: '=': left operand must be l-value
C:\Users\FZ\Dropbox\Cpp\C\Project1_for_C\Source.c(20,11): error C2065: 'Point': undeclared identifier
C:\Users\FZ\Dropbox\Cpp\C\Project1_for_C\Source.c(20,11): error C2146: syntax error: missing ';' before identifier 'p2'
C:\Users\FZ\Dropbox\Cpp\C\Project1_for_C\Source.c(20,13): error C2065: 'p2': undeclared identifier
C:\Users\FZ\Dropbox\Cpp\C\Project1_for_C\Source.c(22,39): error C2065: 'pp': undeclared identifier
C:\Users\FZ\Dropbox\Cpp\C\Project1_for_C\Source.c(22,45): error C2065: 'p1': undeclared identifier
C:\Users\FZ\Dropbox\Cpp\C\Project1_for_C\Source.c(22,46): error C2224: left of '.x' must have struct/union type
C:\Users\FZ\Dropbox\Cpp\C\Project1_for_C\Source.c(22,54): error C2065: 'p1': undeclared identifier
C:\Users\FZ\Dropbox\Cpp\C\Project1_for_C\Source.c(22,55): error C2224: left of '.y' must have struct/union type
C:\Users\FZ\Dropbox\Cpp\C\Project1_for_C\Source.c(22,63): error C2065: 'p1': undeclared identifier
C:\Users\FZ\Dropbox\Cpp\C\Project1_for_C\Source.c(22,64): error C2224: left of '.z' must have struct/union type
C:\Users\FZ\Dropbox\Cpp\C\Project1_for_C\Source.c(22,70): error C2065: 'pp': undeclared identifier
C:\Users\FZ\Dropbox\Cpp\C\Project1_for_C\Source.c(22,72): error C2223: left of '->x' must point to struct/union
C:\Users\FZ\Dropbox\Cpp\C\Project1_for_C\Source.c(22,12): warning C4477: 'printf' : format string '%p' requires an argument of type 'void *', but variadic argument 1 has type 'int'
C:\Users\FZ\Dropbox\Cpp\C\Project1_for_C\Source.c(22,12): warning C4313: 'printf': '%p' in format string conflicts with argument 1 of type 'int'
C:\Users\FZ\Dropbox\Cpp\C\Project1_for_C\Source.c(22,12): warning C4477: 'printf' : format string '%p' requires an argument of type 'void *', but variadic argument 2 has type 'int'
C:\Users\FZ\Dropbox\Cpp\C\Project1_for_C\Source.c(22,12): warning C4313: 'printf': '%p' in format string conflicts with argument 2 of type 'int'
C:\Users\FZ\Dropbox\Cpp\C\Project1_for_C\Source.c(22,12): warning C4473: 'printf' : not enough arguments passed for format string
C:\Users\FZ\Dropbox\Cpp\C\Project1_for_C\Source.c(22,12): message : placeholders and their parameters expect 6 variadic arguments, but 2 were provided
C:\Users\FZ\Dropbox\Cpp\C\Project1_for_C\Source.c(22,12): message : the missing variadic argument 3 is required by format string '%p'
